<?xml version="1.0" encoding="UTF-8"?>
<Site BuildName="(empty)"
	BuildStamp="20260419-1513-Experimental"
	Name="einstein-dgon"
	Generator="ctest-3.22.1"
	CompilerName="/usr/bin/g++"
	CompilerVersion="11.4.0"
	OSName="Linux"
	Hostname="einstein-dgon"
	OSRelease="6.8.0-106-generic"
	OSVersion="#106~22.04.1-Ubuntu SMP PREEMPT_DYNAMIC Fri Mar  6 08:44:59 UTC "
	OSPlatform="x86_64"
	Is64Bits="1"
	VendorString="GenuineIntel"
	VendorID="Intel Corporation"
	FamilyID="6"
	ModelID="140"
	ProcessorCacheSize="8192"
	NumberOfLogicalCPU="8"
	NumberOfPhysicalCPU="4"
	TotalVirtualMemory="2047"
	TotalPhysicalMemory="15776"
	LogicalProcessorsPerPhysical="2"
	ProcessorClockFrequency="3799.77"
	>
	<Testing>
		<StartDateTime>Apr 19 18:13 EAT</StartDateTime>
		<StartTestTime>1776611618</StartTestTime>
		<TestList/>
		<EndDateTime>Apr 19 18:13 EAT</EndDateTime>
		<EndTestTime>1776611618</EndTestTime>
		<ElapsedMinutes>0</ElapsedMinutes>
	</Testing>
</Site>
